This is pdfTeX, Version 3.14159265-2.6-1.40.15 (TeX Live 2014) (preloaded format=pdflatex 2014.8.7)  19 AUG 2016 21:26
entering extended mode
 restricted \write18 enabled.
 %&-line parsing enabled.
**manual.tex
(./manual.tex
LaTeX2e <2014/05/01>
Babel <3.9k> and hyphenation patterns for 78 languages loaded.
(/usr/local/texlive/2014/texmf-dist/tex/latex/base/article.cls
Document Class: article 2007/10/19 v1.4h Standard LaTeX document class
(/usr/local/texlive/2014/texmf-dist/tex/latex/base/size11.clo
File: size11.clo 2007/10/19 v1.4h Standard LaTeX file (size option)
)
\c@part=\count79
\c@section=\count80
\c@subsection=\count81
\c@subsubsection=\count82
\c@paragraph=\count83
\c@subparagraph=\count84
\c@figure=\count85
\c@table=\count86
\abovecaptionskip=\skip41
\belowcaptionskip=\skip42
\bibindent=\dimen102
)
(./dunemacros.tex
(/usr/local/texlive/2014/texmf-dist/tex/latex/tools/xspace.sty
Package: xspace 2009/10/20 v1.13 Space after command names (DPC,MH)
)
(/usr/local/texlive/2014/texmf-dist/tex/latex/listings/listings.sty
(/usr/local/texlive/2014/texmf-dist/tex/latex/graphics/keyval.sty
Package: keyval 2014/05/08 v1.15 key=value parser (DPC)
\KV@toks@=\toks14
)
\lst@mode=\count87
\lst@gtempboxa=\box26
\lst@token=\toks15
\lst@length=\count88
\lst@currlwidth=\dimen103
\lst@column=\count89
\lst@pos=\count90
\lst@lostspace=\dimen104
\lst@width=\dimen105
\lst@newlines=\count91
\lst@lineno=\count92
\lst@maxwidth=\dimen106

(/usr/local/texlive/2014/texmf-dist/tex/latex/listings/lstmisc.sty
File: lstmisc.sty 2014/03/04 1.5c (Carsten Heinz)
\c@lstnumber=\count93
\lst@skipnumbers=\count94
\lst@framebox=\box27
)
(/usr/local/texlive/2014/texmf-dist/tex/latex/listings/listings.cfg
File: listings.cfg 2014/03/04 1.5c listings configuration
))
Package: listings 2014/03/04 1.5c (Carsten Heinz)

(/usr/local/texlive/2014/texmf-dist/tex/latex/listings/lstlang1.sty
File: lstlang1.sty 2014/03/04 1.5c listings language file
)
(/usr/local/texlive/2014/texmf-dist/tex/latex/listings/lstlang1.sty
File: lstlang1.sty 2014/03/04 1.5c listings language file
)
(/usr/local/texlive/2014/texmf-dist/tex/latex/listings/lstmisc.sty
File: lstmisc.sty 2014/03/04 1.5c (Carsten Heinz)
))
(/usr/local/texlive/2014/texmf-dist/tex/latex/psnfss/mathptmx.sty
Package: mathptmx 2005/04/12 PSNFSS-v9.2a Times w/ Math, improved (SPQR, WaS) 
LaTeX Font Info:    Redeclaring symbol font `operators' on input line 28.
LaTeX Font Info:    Overwriting symbol font `operators' in version `normal'
(Font)                  OT1/cmr/m/n --> OT1/ztmcm/m/n on input line 28.
LaTeX Font Info:    Overwriting symbol font `operators' in version `bold'
(Font)                  OT1/cmr/bx/n --> OT1/ztmcm/m/n on input line 28.
LaTeX Font Info:    Redeclaring symbol font `letters' on input line 29.
LaTeX Font Info:    Overwriting symbol font `letters' in version `normal'
(Font)                  OML/cmm/m/it --> OML/ztmcm/m/it on input line 29.
LaTeX Font Info:    Overwriting symbol font `letters' in version `bold'
(Font)                  OML/cmm/b/it --> OML/ztmcm/m/it on input line 29.
LaTeX Font Info:    Redeclaring symbol font `symbols' on input line 30.
LaTeX Font Info:    Overwriting symbol font `symbols' in version `normal'
(Font)                  OMS/cmsy/m/n --> OMS/ztmcm/m/n on input line 30.
LaTeX Font Info:    Overwriting symbol font `symbols' in version `bold'
(Font)                  OMS/cmsy/b/n --> OMS/ztmcm/m/n on input line 30.
LaTeX Font Info:    Redeclaring symbol font `largesymbols' on input line 31.
LaTeX Font Info:    Overwriting symbol font `largesymbols' in version `normal'
(Font)                  OMX/cmex/m/n --> OMX/ztmcm/m/n on input line 31.
LaTeX Font Info:    Overwriting symbol font `largesymbols' in version `bold'
(Font)                  OMX/cmex/m/n --> OMX/ztmcm/m/n on input line 31.
\symbold=\mathgroup4
\symitalic=\mathgroup5
LaTeX Font Info:    Redeclaring math alphabet \mathbf on input line 34.
LaTeX Font Info:    Overwriting math alphabet `\mathbf' in version `normal'
(Font)                  OT1/cmr/bx/n --> OT1/ptm/bx/n on input line 34.
LaTeX Font Info:    Overwriting math alphabet `\mathbf' in version `bold'
(Font)                  OT1/cmr/bx/n --> OT1/ptm/bx/n on input line 34.
LaTeX Font Info:    Redeclaring math alphabet \mathit on input line 35.
LaTeX Font Info:    Overwriting math alphabet `\mathit' in version `normal'
(Font)                  OT1/cmr/m/it --> OT1/ptm/m/it on input line 35.
LaTeX Font Info:    Overwriting math alphabet `\mathit' in version `bold'
(Font)                  OT1/cmr/bx/it --> OT1/ptm/m/it on input line 35.
LaTeX Info: Redefining \hbar on input line 50.
)
(/usr/local/texlive/2014/texmf-dist/tex/latex/psnfss/helvet.sty
Package: helvet 2005/04/12 PSNFSS-v9.2a (WaS) 
)
(/usr/local/texlive/2014/texmf-dist/tex/latex/psnfss/courier.sty
Package: courier 2005/04/12 PSNFSS-v9.2a (WaS) 
)
(/usr/local/texlive/2014/texmf-dist/tex/latex/tools/multicol.sty
Package: multicol 2014/04/23 v1.8e multicolumn formatting (FMi)
\c@tracingmulticols=\count95
\mult@box=\box28
\multicol@leftmargin=\dimen107
\c@unbalance=\count96
\c@collectmore=\count97
\doublecol@number=\count98
\multicoltolerance=\count99
\multicolpretolerance=\count100
\full@width=\dimen108
\page@free=\dimen109
\premulticols=\dimen110
\postmulticols=\dimen111
\multicolsep=\skip43
\multicolbaselineskip=\skip44
\partial@page=\box29
\last@line=\box30
\maxbalancingoverflow=\dimen112
\mult@rightbox=\box31
\mult@grightbox=\box32
\mult@gfirstbox=\box33
\mult@firstbox=\box34
\@tempa=\box35
\@tempa=\box36
\@tempa=\box37
\@tempa=\box38
\@tempa=\box39
\@tempa=\box40
\@tempa=\box41
\@tempa=\box42
\@tempa=\box43
\@tempa=\box44
\@tempa=\box45
\@tempa=\box46
\@tempa=\box47
\@tempa=\box48
\@tempa=\box49
\@tempa=\box50
\@tempa=\box51
\c@columnbadness=\count101
\c@finalcolumnbadness=\count102
\last@try=\dimen113
\multicolovershoot=\dimen114
\multicolundershoot=\dimen115
\mult@nat@firstbox=\box52
\colbreak@box=\box53
\mc@col@check@num=\count103
)
(/usr/local/texlive/2014/texmf-dist/tex/latex/footmisc/footmisc.sty
Package: footmisc 2011/06/06 v5.5b a miscellany of footnote facilities
\FN@temptoken=\toks16
\footnotemargin=\dimen116
\c@pp@next@reset=\count104
Package footmisc Info: Declaring symbol style bringhurst on input line 855.
Package footmisc Info: Declaring symbol style chicago on input line 863.
Package footmisc Info: Declaring symbol style wiley on input line 872.
Package footmisc Info: Declaring symbol style lamport-robust on input line 883.

Package footmisc Info: Declaring symbol style lamport* on input line 903.
Package footmisc Info: Declaring symbol style lamport*-robust on input line 924
.
)
(/usr/local/texlive/2014/texmf-dist/tex/latex/graphics/color.sty
Package: color 2014/04/23 v1.1a Standard LaTeX Color (DPC)

(/usr/local/texlive/2014/texmf-dist/tex/latex/latexconfig/color.cfg
File: color.cfg 2007/01/18 v1.5 color configuration of teTeX/TeXLive
)
Package color Info: Driver file: pdftex.def on input line 137.

(/usr/local/texlive/2014/texmf-dist/tex/latex/pdftex-def/pdftex.def
File: pdftex.def 2011/05/27 v0.06d Graphics/color for pdfTeX

(/usr/local/texlive/2014/texmf-dist/tex/generic/oberdiek/infwarerr.sty
Package: infwarerr 2010/04/08 v1.3 Providing info/warning/error messages (HO)
)
(/usr/local/texlive/2014/texmf-dist/tex/generic/oberdiek/ltxcmds.sty
Package: ltxcmds 2011/11/09 v1.22 LaTeX kernel commands for general use (HO)
)
\Gread@gobject=\count105
))
(/usr/local/texlive/2014/texmf-dist/tex/latex/base/inputenc.sty
Package: inputenc 2014/04/30 v1.2b Input encoding file
\inpenc@prehook=\toks17
\inpenc@posthook=\toks18

(/usr/local/texlive/2014/texmf-dist/tex/latex/base/utf8.def
File: utf8.def 2008/04/05 v1.1m UTF-8 support for inputenc
Now handling font encoding OML ...
... no UTF-8 mapping file for font encoding OML
Now handling font encoding T1 ...
... processing UTF-8 mapping file for font encoding T1

(/usr/local/texlive/2014/texmf-dist/tex/latex/base/t1enc.dfu
File: t1enc.dfu 2008/04/05 v1.1m UTF-8 support for inputenc
   defining Unicode char U+00A1 (decimal 161)
   defining Unicode char U+00A3 (decimal 163)
   defining Unicode char U+00AB (decimal 171)
   defining Unicode char U+00BB (decimal 187)
   defining Unicode char U+00BF (decimal 191)
   defining Unicode char U+00C0 (decimal 192)
   defining Unicode char U+00C1 (decimal 193)
   defining Unicode char U+00C2 (decimal 194)
   defining Unicode char U+00C3 (decimal 195)
   defining Unicode char U+00C4 (decimal 196)
   defining Unicode char U+00C5 (decimal 197)
   defining Unicode char U+00C6 (decimal 198)
   defining Unicode char U+00C7 (decimal 199)
   defining Unicode char U+00C8 (decimal 200)
   defining Unicode char U+00C9 (decimal 201)
   defining Unicode char U+00CA (decimal 202)
   defining Unicode char U+00CB (decimal 203)
   defining Unicode char U+00CC (decimal 204)
   defining Unicode char U+00CD (decimal 205)
   defining Unicode char U+00CE (decimal 206)
   defining Unicode char U+00CF (decimal 207)
   defining Unicode char U+00D0 (decimal 208)
   defining Unicode char U+00D1 (decimal 209)
   defining Unicode char U+00D2 (decimal 210)
   defining Unicode char U+00D3 (decimal 211)
   defining Unicode char U+00D4 (decimal 212)
   defining Unicode char U+00D5 (decimal 213)
   defining Unicode char U+00D6 (decimal 214)
   defining Unicode char U+00D8 (decimal 216)
   defining Unicode char U+00D9 (decimal 217)
   defining Unicode char U+00DA (decimal 218)
   defining Unicode char U+00DB (decimal 219)
   defining Unicode char U+00DC (decimal 220)
   defining Unicode char U+00DD (decimal 221)
   defining Unicode char U+00DE (decimal 222)
   defining Unicode char U+00DF (decimal 223)
   defining Unicode char U+00E0 (decimal 224)
   defining Unicode char U+00E1 (decimal 225)
   defining Unicode char U+00E2 (decimal 226)
   defining Unicode char U+00E3 (decimal 227)
   defining Unicode char U+00E4 (decimal 228)
   defining Unicode char U+00E5 (decimal 229)
   defining Unicode char U+00E6 (decimal 230)
   defining Unicode char U+00E7 (decimal 231)
   defining Unicode char U+00E8 (decimal 232)
   defining Unicode char U+00E9 (decimal 233)
   defining Unicode char U+00EA (decimal 234)
   defining Unicode char U+00EB (decimal 235)
   defining Unicode char U+00EC (decimal 236)
   defining Unicode char U+00ED (decimal 237)
   defining Unicode char U+00EE (decimal 238)
   defining Unicode char U+00EF (decimal 239)
   defining Unicode char U+00F0 (decimal 240)
   defining Unicode char U+00F1 (decimal 241)
   defining Unicode char U+00F2 (decimal 242)
   defining Unicode char U+00F3 (decimal 243)
   defining Unicode char U+00F4 (decimal 244)
   defining Unicode char U+00F5 (decimal 245)
   defining Unicode char U+00F6 (decimal 246)
   defining Unicode char U+00F8 (decimal 248)
   defining Unicode char U+00F9 (decimal 249)
   defining Unicode char U+00FA (decimal 250)
   defining Unicode char U+00FB (decimal 251)
   defining Unicode char U+00FC (decimal 252)
   defining Unicode char U+00FD (decimal 253)
   defining Unicode char U+00FE (decimal 254)
   defining Unicode char U+00FF (decimal 255)
   defining Unicode char U+0102 (decimal 258)
   defining Unicode char U+0103 (decimal 259)
   defining Unicode char U+0104 (decimal 260)
   defining Unicode char U+0105 (decimal 261)
   defining Unicode char U+0106 (decimal 262)
   defining Unicode char U+0107 (decimal 263)
   defining Unicode char U+010C (decimal 268)
   defining Unicode char U+010D (decimal 269)
   defining Unicode char U+010E (decimal 270)
   defining Unicode char U+010F (decimal 271)
   defining Unicode char U+0110 (decimal 272)
   defining Unicode char U+0111 (decimal 273)
   defining Unicode char U+0118 (decimal 280)
   defining Unicode char U+0119 (decimal 281)
   defining Unicode char U+011A (decimal 282)
   defining Unicode char U+011B (decimal 283)
   defining Unicode char U+011E (decimal 286)
   defining Unicode char U+011F (decimal 287)
   defining Unicode char U+0130 (decimal 304)
   defining Unicode char U+0131 (decimal 305)
   defining Unicode char U+0132 (decimal 306)
   defining Unicode char U+0133 (decimal 307)
   defining Unicode char U+0139 (decimal 313)
   defining Unicode char U+013A (decimal 314)
   defining Unicode char U+013D (decimal 317)
   defining Unicode char U+013E (decimal 318)
   defining Unicode char U+0141 (decimal 321)
   defining Unicode char U+0142 (decimal 322)
   defining Unicode char U+0143 (decimal 323)
   defining Unicode char U+0144 (decimal 324)
   defining Unicode char U+0147 (decimal 327)
   defining Unicode char U+0148 (decimal 328)
   defining Unicode char U+014A (decimal 330)
   defining Unicode char U+014B (decimal 331)
   defining Unicode char U+0150 (decimal 336)
   defining Unicode char U+0151 (decimal 337)
   defining Unicode char U+0152 (decimal 338)
   defining Unicode char U+0153 (decimal 339)
   defining Unicode char U+0154 (decimal 340)
   defining Unicode char U+0155 (decimal 341)
   defining Unicode char U+0158 (decimal 344)
   defining Unicode char U+0159 (decimal 345)
   defining Unicode char U+015A (decimal 346)
   defining Unicode char U+015B (decimal 347)
   defining Unicode char U+015E (decimal 350)
   defining Unicode char U+015F (decimal 351)
   defining Unicode char U+0160 (decimal 352)
   defining Unicode char U+0161 (decimal 353)
   defining Unicode char U+0162 (decimal 354)
   defining Unicode char U+0163 (decimal 355)
   defining Unicode char U+0164 (decimal 356)
   defining Unicode char U+0165 (decimal 357)
   defining Unicode char U+016E (decimal 366)
   defining Unicode char U+016F (decimal 367)
   defining Unicode char U+0170 (decimal 368)
   defining Unicode char U+0171 (decimal 369)
   defining Unicode char U+0178 (decimal 376)
   defining Unicode char U+0179 (decimal 377)
   defining Unicode char U+017A (decimal 378)
   defining Unicode char U+017B (decimal 379)
   defining Unicode char U+017C (decimal 380)
   defining Unicode char U+017D (decimal 381)
   defining Unicode char U+017E (decimal 382)
   defining Unicode char U+200C (decimal 8204)
   defining Unicode char U+2013 (decimal 8211)
   defining Unicode char U+2014 (decimal 8212)
   defining Unicode char U+2018 (decimal 8216)
   defining Unicode char U+2019 (decimal 8217)
   defining Unicode char U+201A (decimal 8218)
   defining Unicode char U+201C (decimal 8220)
   defining Unicode char U+201D (decimal 8221)
   defining Unicode char U+201E (decimal 8222)
   defining Unicode char U+2030 (decimal 8240)
   defining Unicode char U+2031 (decimal 8241)
   defining Unicode char U+2039 (decimal 8249)
   defining Unicode char U+203A (decimal 8250)
   defining Unicode char U+2423 (decimal 9251)
)
Now handling font encoding OT1 ...
... processing UTF-8 mapping file for font encoding OT1

(/usr/local/texlive/2014/texmf-dist/tex/latex/base/ot1enc.dfu
File: ot1enc.dfu 2008/04/05 v1.1m UTF-8 support for inputenc
   defining Unicode char U+00A1 (decimal 161)
   defining Unicode char U+00A3 (decimal 163)
   defining Unicode char U+00B8 (decimal 184)
   defining Unicode char U+00BF (decimal 191)
   defining Unicode char U+00C5 (decimal 197)
   defining Unicode char U+00C6 (decimal 198)
   defining Unicode char U+00D8 (decimal 216)
   defining Unicode char U+00DF (decimal 223)
   defining Unicode char U+00E6 (decimal 230)
   defining Unicode char U+00EC (decimal 236)
   defining Unicode char U+00ED (decimal 237)
   defining Unicode char U+00EE (decimal 238)
   defining Unicode char U+00EF (decimal 239)
   defining Unicode char U+00F8 (decimal 248)
   defining Unicode char U+0131 (decimal 305)
   defining Unicode char U+0141 (decimal 321)
   defining Unicode char U+0142 (decimal 322)
   defining Unicode char U+0152 (decimal 338)
   defining Unicode char U+0153 (decimal 339)
   defining Unicode char U+2013 (decimal 8211)
   defining Unicode char U+2014 (decimal 8212)
   defining Unicode char U+2018 (decimal 8216)
   defining Unicode char U+2019 (decimal 8217)
   defining Unicode char U+201C (decimal 8220)
   defining Unicode char U+201D (decimal 8221)
)
Now handling font encoding OMS ...
... processing UTF-8 mapping file for font encoding OMS

(/usr/local/texlive/2014/texmf-dist/tex/latex/base/omsenc.dfu
File: omsenc.dfu 2008/04/05 v1.1m UTF-8 support for inputenc
   defining Unicode char U+00A7 (decimal 167)
   defining Unicode char U+00B6 (decimal 182)
   defining Unicode char U+00B7 (decimal 183)
   defining Unicode char U+2020 (decimal 8224)
   defining Unicode char U+2021 (decimal 8225)
   defining Unicode char U+2022 (decimal 8226)
)
Now handling font encoding OMX ...
... no UTF-8 mapping file for font encoding OMX
Now handling font encoding U ...
... no UTF-8 mapping file for font encoding U
   defining Unicode char U+00A9 (decimal 169)
   defining Unicode char U+00AA (decimal 170)
   defining Unicode char U+00AE (decimal 174)
   defining Unicode char U+00BA (decimal 186)
   defining Unicode char U+02C6 (decimal 710)
   defining Unicode char U+02DC (decimal 732)
   defining Unicode char U+200C (decimal 8204)
   defining Unicode char U+2026 (decimal 8230)
   defining Unicode char U+2122 (decimal 8482)
   defining Unicode char U+2423 (decimal 9251)
))
(/usr/local/texlive/2014/texmf-dist/tex/latex/amsmath/amsmath.sty
Package: amsmath 2013/01/14 v2.14 AMS math features
\@mathmargin=\skip45

For additional information on amsmath, use the `?' option.
(/usr/local/texlive/2014/texmf-dist/tex/latex/amsmath/amstext.sty
Package: amstext 2000/06/29 v2.01

(/usr/local/texlive/2014/texmf-dist/tex/latex/amsmath/amsgen.sty
File: amsgen.sty 1999/11/30 v2.0
\@emptytoks=\toks19
\ex@=\dimen117
))
(/usr/local/texlive/2014/texmf-dist/tex/latex/amsmath/amsbsy.sty
Package: amsbsy 1999/11/29 v1.2d
\pmbraise@=\dimen118
)
(/usr/local/texlive/2014/texmf-dist/tex/latex/amsmath/amsopn.sty
Package: amsopn 1999/12/14 v2.01 operator names
)
\inf@bad=\count106
LaTeX Info: Redefining \frac on input line 210.
\uproot@=\count107
\leftroot@=\count108
LaTeX Info: Redefining \overline on input line 306.
\classnum@=\count109
\DOTSCASE@=\count110
LaTeX Info: Redefining \ldots on input line 378.
LaTeX Info: Redefining \dots on input line 381.
LaTeX Info: Redefining \cdots on input line 466.
\Mathstrutbox@=\box54
\strutbox@=\box55
\big@size=\dimen119
LaTeX Font Info:    Redeclaring font encoding OML on input line 566.
LaTeX Font Info:    Redeclaring font encoding OMS on input line 567.
\macc@depth=\count111
\c@MaxMatrixCols=\count112
\dotsspace@=\muskip10
\c@parentequation=\count113
\dspbrk@lvl=\count114
\tag@help=\toks20
\row@=\count115
\column@=\count116
\maxfields@=\count117
\andhelp@=\toks21
\eqnshift@=\dimen120
\alignsep@=\dimen121
\tagshift@=\dimen122
\tagwidth@=\dimen123
\totwidth@=\dimen124
\lineht@=\dimen125
\@envbody=\toks22
\multlinegap=\skip46
\multlinetaggap=\skip47
\mathdisplay@stack=\toks23
LaTeX Info: Redefining \[ on input line 2665.
LaTeX Info: Redefining \] on input line 2666.
)
(/usr/local/texlive/2014/texmf-dist/tex/latex/amsfonts/amsfonts.sty
Package: amsfonts 2013/01/14 v3.01 Basic AMSFonts support
\symAMSa=\mathgroup6
\symAMSb=\mathgroup7
LaTeX Font Info:    Overwriting math alphabet `\mathfrak' in version `bold'
(Font)                  U/euf/m/n --> U/euf/b/n on input line 106.
)
(/usr/local/texlive/2014/texmf-dist/tex/latex/booktabs/booktabs.sty
Package: booktabs 2005/04/14 v1.61803 publication quality tables
\heavyrulewidth=\dimen126
\lightrulewidth=\dimen127
\cmidrulewidth=\dimen128
\belowrulesep=\dimen129
\belowbottomsep=\dimen130
\aboverulesep=\dimen131
\abovetopsep=\dimen132
\cmidrulesep=\dimen133
\cmidrulekern=\dimen134
\defaultaddspace=\dimen135
\@cmidla=\count118
\@cmidlb=\count119
\@aboverulesep=\dimen136
\@belowrulesep=\dimen137
\@thisruleclass=\count120
\@lastruleclass=\count121
\@thisrulewidth=\dimen138
)
(/usr/local/texlive/2014/texmf-dist/tex/latex/vruler/vruler.sty 2.3 <24/10/96>
    VRULER version 2.3 Octorber 1996 By Z Jiang
    University of New England, Australia
    Email: zhuhan@neumann.une.edu.au
) (/usr/local/texlive/2014/texmf-dist/tex/latex/fancyvrb/fancyvrb.sty
Package: fancyvrb 2008/02/07

Style option: `fancyvrb' v2.7a, with DG/SPQR fixes, and firstline=lastline fix 
<2008/02/07> (tvz)
\FV@CodeLineNo=\count132
\FV@InFile=\read4
\FV@TabBox=\box62
\c@FancyVerbLine=\count133
\FV@StepNumber=\count134
\FV@OutFile=\write3
)
(/usr/local/texlive/2014/texmf-dist/tex/latex/graphics/graphicx.sty
Package: graphicx 2014/04/25 v1.0g Enhanced LaTeX Graphics (DPC,SPQR)

(/usr/local/texlive/2014/texmf-dist/tex/latex/graphics/graphics.sty
Package: graphics 2009/02/05 v1.0o Standard LaTeX Graphics (DPC,SPQR)

(/usr/local/texlive/2014/texmf-dist/tex/latex/graphics/trig.sty
Package: trig 1999/03/16 v1.09 sin cos tan (DPC)
)
(/usr/local/texlive/2014/texmf-dist/tex/latex/latexconfig/graphics.cfg
File: graphics.cfg 2010/04/23 v1.9 graphics configuration of TeX Live
)
Package graphics Info: Driver file: pdftex.def on input line 91.
)
\Gin@req@height=\dimen144
\Gin@req@width=\dimen145
)
(/usr/local/texlive/2014/texmf-dist/tex/generic/thumbpdf/thumbpdf.sty
Package: thumbpdf 2012/04/18 v3.15 Inclusion of thumbnails (HO)


Package thumbpdf Warning: Compressed PDF objects of PDF 1.5 are not supported.


Package thumbpdf Warning: Thumbnail data file `manual.tpt' not found.

) (/usr/local/texlive/2014/texmf-dist/tex/latex/oberdiek/epstopdf.sty
Package: epstopdf 2010/02/09 v2.5 Conversion with epstopdf on the fly (HO)

(/usr/local/texlive/2014/texmf-dist/tex/latex/oberdiek/epstopdf-base.sty
Package: epstopdf-base 2010/02/09 v2.5 Base part for package epstopdf

(/usr/local/texlive/2014/texmf-dist/tex/latex/oberdiek/grfext.sty
Package: grfext 2010/08/19 v1.1 Manage graphics extensions (HO)

(/usr/local/texlive/2014/texmf-dist/tex/generic/oberdiek/kvdefinekeys.sty
Package: kvdefinekeys 2011/04/07 v1.3 Define keys (HO)
))
(/usr/local/texlive/2014/texmf-dist/tex/latex/oberdiek/kvoptions.sty
Package: kvoptions 2011/06/30 v3.11 Key value format for package options (HO)

(/usr/local/texlive/2014/texmf-dist/tex/generic/oberdiek/kvsetkeys.sty
Package: kvsetkeys 2012/04/25 v1.16 Key value parser (HO)

(/usr/local/texlive/2014/texmf-dist/tex/generic/oberdiek/etexcmds.sty
Package: etexcmds 2011/02/16 v1.5 Avoid name clashes with e-TeX commands (HO)

(/usr/local/texlive/2014/texmf-dist/tex/generic/oberdiek/ifluatex.sty
Package: ifluatex 2010/03/01 v1.3 Provides the ifluatex switch (HO)
Package ifluatex Info: LuaTeX not detected.
)
Package etexcmds Info: Could not find \expanded.
(etexcmds)             That can mean that you are not using pdfTeX 1.50 or
(etexcmds)             that some package has redefined \expanded.
(etexcmds)             In the latter case, load this package earlier.
)))
(/usr/local/texlive/2014/texmf-dist/tex/generic/oberdiek/pdftexcmds.sty
Package: pdftexcmds 2011/11/29 v0.20 Utility functions of pdfTeX for LuaTeX (HO
)

(/usr/local/texlive/2014/texmf-dist/tex/generic/oberdiek/ifpdf.sty
Package: ifpdf 2011/01/30 v2.3 Provides the ifpdf switch (HO)
Package ifpdf Info: pdfTeX in PDF mode is detected.
)
Package pdftexcmds Info: LuaTeX not detected.
Package pdftexcmds Info: \pdf@primitive is available.
Package pdftexcmds Info: \pdf@ifprimitive is available.
Package pdftexcmds Info: \pdfdraftmode found.
)
Package grfext Info: Graphics extension search list:
(grfext)             [.png,.pdf,.jpg,.mps,.jpeg,.jbig2,.jb2,.PNG,.PDF,.JPG,.JPE
G,.JBIG2,.JB2,.eps]
(grfext)             \AppendGraphicsExtensions on input line 452.

(/usr/local/texlive/2014/texmf-dist/tex/latex/latexconfig/epstopdf-sys.cfg
File: epstopdf-sys.cfg 2010/07/13 v1.3 Configuration of (r)epstopdf for TeX Liv
e
)))
(/usr/local/texlive/2014/texmf-dist/tex/latex/url/url.sty
\Urlmuskip=\muskip11
Package: url 2013/09/16  ver 3.4  Verb mode for urls, etc.
)
(/usr/local/texlive/2014/texmf-dist/tex/latex/hyperref/hyperref.sty
Package: hyperref 2012/11/06 v6.83m Hypertext links for LaTeX

(/usr/local/texlive/2014/texmf-dist/tex/generic/oberdiek/hobsub-hyperref.sty
Package: hobsub-hyperref 2012/05/28 v1.13 Bundle oberdiek, subset hyperref (HO)


(/usr/local/texlive/2014/texmf-dist/tex/generic/oberdiek/hobsub-generic.sty
Package: hobsub-generic 2012/05/28 v1.13 Bundle oberdiek, subset generic (HO)
Package: hobsub 2012/05/28 v1.13 Construct package bundles (HO)
Package hobsub Info: Skipping package `infwarerr' (already loaded).
Package hobsub Info: Skipping package `ltxcmds' (already loaded).
Package hobsub Info: Skipping package `ifluatex' (already loaded).
Package: ifvtex 2010/03/01 v1.5 Detect VTeX and its facilities (HO)
Package ifvtex Info: VTeX not detected.
Package: intcalc 2007/09/27 v1.1 Expandable calculations with integers (HO)
Package hobsub Info: Skipping package `ifpdf' (already loaded).
Package hobsub Info: Skipping package `etexcmds' (already loaded).
Package hobsub Info: Skipping package `kvsetkeys' (already loaded).
Package hobsub Info: Skipping package `kvdefinekeys' (already loaded).
Package hobsub Info: Skipping package `pdftexcmds' (already loaded).
Package: pdfescape 2011/11/25 v1.13 Implements pdfTeX's escape features (HO)
Package: bigintcalc 2012/04/08 v1.3 Expandable calculations on big integers (HO
)
Package: bitset 2011/01/30 v1.1 Handle bit-vector datatype (HO)
Package: uniquecounter 2011/01/30 v1.2 Provide unlimited unique counter (HO)
)
Package hobsub Info: Skipping package `hobsub' (already loaded).
Package: letltxmacro 2010/09/02 v1.4 Let assignment for LaTeX macros (HO)
Package: hopatch 2012/05/28 v1.2 Wrapper for package hooks (HO)
Package: xcolor-patch 2011/01/30 xcolor patch
Package: atveryend 2011/06/30 v1.8 Hooks at the very end of document (HO)
Package atveryend Info: \enddocument detected (standard20110627).
Package: atbegshi 2011/10/05 v1.16 At begin shipout hook (HO)
Package: refcount 2011/10/16 v3.4 Data extraction from label references (HO)
Package: hycolor 2011/01/30 v1.7 Color options for hyperref/bookmark (HO)
)
(/usr/local/texlive/2014/texmf-dist/tex/generic/ifxetex/ifxetex.sty
Package: ifxetex 2010/09/12 v0.6 Provides ifxetex conditional
)
(/usr/local/texlive/2014/texmf-dist/tex/latex/oberdiek/auxhook.sty
Package: auxhook 2011/03/04 v1.3 Hooks for auxiliary files (HO)
)
\@linkdim=\dimen146
\Hy@linkcounter=\count135
\Hy@pagecounter=\count136

(/usr/local/texlive/2014/texmf-dist/tex/latex/hyperref/pd1enc.def
File: pd1enc.def 2012/11/06 v6.83m Hyperref: PDFDocEncoding definition (HO)
Now handling font encoding PD1 ...
... no UTF-8 mapping file for font encoding PD1
)
\Hy@SavedSpaceFactor=\count137

(/usr/local/texlive/2014/texmf-dist/tex/latex/latexconfig/hyperref.cfg
File: hyperref.cfg 2002/06/06 v1.2 hyperref configuration of TeXLive
)
Package hyperref Info: Hyper figures OFF on input line 4443.
Package hyperref Info: Link nesting OFF on input line 4448.
Package hyperref Info: Hyper index ON on input line 4451.
Package hyperref Info: Plain pages OFF on input line 4458.
Package hyperref Info: Backreferencing OFF on input line 4463.
Package hyperref Info: Implicit mode ON; LaTeX internals redefined.
Package hyperref Info: Bookmarks ON on input line 4688.
\c@Hy@tempcnt=\count138
LaTeX Info: Redefining \url on input line 5041.
\XeTeXLinkMargin=\dimen147
\Fld@menulength=\count139
\Field@Width=\dimen148
\Fld@charsize=\dimen149
Package hyperref Info: Hyper figures OFF on input line 6295.
Package hyperref Info: Link nesting OFF on input line 6300.
Package hyperref Info: Hyper index ON on input line 6303.
Package hyperref Info: backreferencing OFF on input line 6310.
Package hyperref Info: Link coloring OFF on input line 6315.
Package hyperref Info: Link coloring with OCG OFF on input line 6320.
Package hyperref Info: PDF/A mode OFF on input line 6325.
LaTeX Info: Redefining \ref on input line 6365.
LaTeX Info: Redefining \pageref on input line 6369.
\Hy@abspage=\count140
\c@Item=\count141
\c@Hfootnote=\count142
)

Package hyperref Message: Driver (autodetected): hpdftex.

(/usr/local/texlive/2014/texmf-dist/tex/latex/hyperref/hpdftex.def
File: hpdftex.def 2012/11/06 v6.83m Hyperref driver for pdfTeX
\Fld@listcount=\count143
\c@bookmark@seq@number=\count144

(/usr/local/texlive/2014/texmf-dist/tex/latex/oberdiek/rerunfilecheck.sty
Package: rerunfilecheck 2011/04/15 v1.7 Rerun checks for auxiliary files (HO)
Package uniquecounter Info: New unique counter `rerunfilecheck' on input line 2
82.
)
\Hy@SectionHShift=\skip48
)
(/usr/local/texlive/2014/texmf-dist/tex/latex/base/makeidx.sty
Package: makeidx 2000/03/29 v1.0m Standard LaTeX package
)
\@indexfile=\write4
\openout4 = `manual.idx'.


Writing index file manual.idx
(./manual.aux)
\openout1 = `manual.aux'.

LaTeX Font Info:    Checking defaults for OML/cmm/m/it on input line 139.
LaTeX Font Info:    ... okay on input line 139.
LaTeX Font Info:    Checking defaults for T1/cmr/m/n on input line 139.
LaTeX Font Info:    ... okay on input line 139.
LaTeX Font Info:    Checking defaults for OT1/cmr/m/n on input line 139.
LaTeX Font Info:    ... okay on input line 139.
LaTeX Font Info:    Checking defaults for OMS/cmsy/m/n on input line 139.
LaTeX Font Info:    ... okay on input line 139.
LaTeX Font Info:    Checking defaults for OMX/cmex/m/n on input line 139.
LaTeX Font Info:    ... okay on input line 139.
LaTeX Font Info:    Checking defaults for U/cmr/m/n on input line 139.
LaTeX Font Info:    ... okay on input line 139.
LaTeX Font Info:    Checking defaults for PD1/pdf/m/n on input line 139.
LaTeX Font Info:    ... okay on input line 139.
LaTeX Font Info:    Try loading font information for OT1+ptm on input line 139.

 (/usr/local/texlive/2014/texmf-dist/tex/latex/psnfss/ot1ptm.fd
File: ot1ptm.fd 2001/06/04 font definitions for OT1/ptm.
)
\c@lstlisting=\count145

(/usr/local/texlive/2014/texmf-dist/tex/context/base/supp-pdf.mkii
[Loading MPS to PDF converter (version 2006.09.02).]
\scratchcounter=\count146
\scratchdimen=\dimen150
\scratchbox=\box63
\nofMPsegments=\count147
\nofMParguments=\count148
\everyMPshowfont=\toks41
\MPscratchCnt=\count149
\MPscratchDim=\dimen151
\MPnumerator=\count150
\makeMPintoPDFobject=\count151
\everyMPtoPDFconversion=\toks42
)
\AtBeginShipoutBox=\box64
Package hyperref Info: Link coloring OFF on input line 139.
 (/usr/local/texlive/2014/texmf-dist/tex/latex/hyperref/nameref.sty
Package: nameref 2012/10/27 v2.43 Cross-referencing by name of section

(/usr/local/texlive/2014/texmf-dist/tex/generic/oberdiek/gettitlestring.sty
Package: gettitlestring 2010/12/03 v1.4 Cleanup title references (HO)
)
\c@section@level=\count152
)
LaTeX Info: Redefining \ref on input line 139.
LaTeX Info: Redefining \pageref on input line 139.
LaTeX Info: Redefining \nameref on input line 139.

(./manual.out) (./manual.out)
\@outlinefile=\write5
\openout5 = `manual.out'.

LaTeX Font Info:    Try loading font information for OT1+ztmcm on input line 14
3.

(/usr/local/texlive/2014/texmf-dist/tex/latex/psnfss/ot1ztmcm.fd
File: ot1ztmcm.fd 2000/01/03 Fontinst v1.801 font definitions for OT1/ztmcm.
)
LaTeX Font Info:    Try loading font information for OML+ztmcm on input line 14
3.

(/usr/local/texlive/2014/texmf-dist/tex/latex/psnfss/omlztmcm.fd
File: omlztmcm.fd 2000/01/03 Fontinst v1.801 font definitions for OML/ztmcm.
)
LaTeX Font Info:    Try loading font information for OMS+ztmcm on input line 14
3.

(/usr/local/texlive/2014/texmf-dist/tex/latex/psnfss/omsztmcm.fd
File: omsztmcm.fd 2000/01/03 Fontinst v1.801 font definitions for OMS/ztmcm.
)
LaTeX Font Info:    Try loading font information for OMX+ztmcm on input line 14
3.

(/usr/local/texlive/2014/texmf-dist/tex/latex/psnfss/omxztmcm.fd
File: omxztmcm.fd 2000/01/03 Fontinst v1.801 font definitions for OMX/ztmcm.
)
LaTeX Font Info:    Font shape `OT1/ptm/bx/n' in size <12> not available
(Font)              Font shape `OT1/ptm/b/n' tried instead on input line 143.
LaTeX Font Info:    Font shape `OT1/ptm/bx/n' in size <9> not available
(Font)              Font shape `OT1/ptm/b/n' tried instead on input line 143.
LaTeX Font Info:    Font shape `OT1/ptm/bx/n' in size <7> not available
(Font)              Font shape `OT1/ptm/b/n' tried instead on input line 143.

<../../doc/logo/kaskade.png, id=249, 284.80788pt x 284.80788pt>
File: ../../doc/logo/kaskade.png Graphic file (type png)

<use ../../doc/logo/kaskade.png>
Package pdftex.def Info: ../../doc/logo/kaskade.png used on input line 145.
(pdftex.def)             Requested size: 102.53075pt x 102.53075pt.
 [1

{/usr/local/texlive/2014/texmf-var/fonts/map/pdftex/updmap/pdftex.map} <../../d
oc/logo/kaskade.png>]
LaTeX Font Info:    Font shape `OT1/ptm/bx/n' in size <14.4> not available
(Font)              Font shape `OT1/ptm/b/n' tried instead on input line 148.
 (./manual.toc
LaTeX Font Info:    Font shape `OT1/ptm/bx/n' in size <10.95> not available
(Font)              Font shape `OT1/ptm/b/n' tried instead on input line 1.
LaTeX Font Info:    Font shape `OT1/ptm/bx/n' in size <8> not available
(Font)              Font shape `OT1/ptm/b/n' tried instead on input line 3.
LaTeX Font Info:    Font shape `OT1/ptm/bx/n' in size <6> not available
(Font)              Font shape `OT1/ptm/b/n' tried instead on input line 3.
 [2]
LaTeX Font Info:    Try loading font information for OT1+pcr on input line 70.

(/usr/local/texlive/2014/texmf-dist/tex/latex/psnfss/ot1pcr.fd
File: ot1pcr.fd 2001/06/04 font definitions for OT1/pcr.
)
LaTeX Font Info:    Font shape `OT1/ptm/bx/sc' in size <10.95> not available
(Font)              Font shape `OT1/ptm/b/sc' tried instead on input line 81.
)
\tf@toc=\write6
\openout6 = `manual.toc'.

 [3] [4]
[5]
LaTeX Font Info:    Try loading font information for OML+ptm on input line 218.

 (/usr/local/texlive/2014/texmf-dist/tex/latex/psnfss/omlptm.fd
File: omlptm.fd 
)
LaTeX Font Info:    Font shape `OML/ptm/m/n' in size <9> not available
(Font)              Font shape `OML/cmm/m/it' tried instead on input line 218.

Overfull \hbox (10.94955pt too wide) in paragraph at lines 225--226
\OT1/ptm/m/n/10.95 The type aliases for com-mon FE spaces as above are pre-de-f
ined in \OT1/pcr/m/n/10.95 fem/spaces.hh
 []

[6]
Overfull \hbox (19.328pt too wide) detected at line 264
[] [][] \OML/ztmcm/m/it/10.95 F[]\OT1/ztmcm/m/n/10.95 (\OML/ztmcm/m/it/10.95 u[
]\OT1/ztmcm/m/n/10.95 )[\OML/ztmcm/m/it/10.95 ^^Nu; v\OT1/ztmcm/m/n/10.95 ] \OM
L/ztmcm/m/it/10.95 dx \OT1/ztmcm/m/n/10.95 + [][] \OML/ztmcm/m/it/10.95 G[]\OT1
/ztmcm/m/n/10.95 (\OML/ztmcm/m/it/10.95 u[]\OT1/ztmcm/m/n/10.95 )[\OML/ztmcm/m/
it/10.95 ^^Nu; v\OT1/ztmcm/m/n/10.95 ] \OML/ztmcm/m/it/10.95 ds \OT1/ztmcm/m/n/
10.95 = \OMS/ztmcm/m/n/10.95 ^^@ [][] \OML/ztmcm/m/it/10.95 F[]\OT1/ztmcm/m/n/1
0.95 (\OML/ztmcm/m/it/10.95 u[]\OT1/ztmcm/m/n/10.95 )\OML/ztmcm/m/it/10.95 v dx
 \OMS/ztmcm/m/n/10.95 ^^@ [][] \OML/ztmcm/m/it/10.95 G[]\OT1/ztmcm/m/n/10.95 (\
OML/ztmcm/m/it/10.95 u[]\OT1/ztmcm/m/n/10.95 )\OML/ztmcm/m/it/10.95 v ds \OMS/z
tmcm/m/n/10.95 8\OML/ztmcm/m/it/10.95 v \OMS/ztmcm/m/n/10.95 2 \OML/ztmcm/m/it/
10.95 V
 []

LaTeX Font Info:    Try loading font information for OMS+ptm on input line 280.

(/usr/local/texlive/2014/texmf-dist/tex/latex/psnfss/omsptm.fd
File: omsptm.fd 
)
LaTeX Font Info:    Font shape `OMS/ptm/m/n' in size <9> not available
(Font)              Font shape `OMS/cmsy/m/n' tried instead on input line 280.
 [7] [8]
[9]
Overfull \hbox (0.67381pt too wide) in paragraph at lines 439--443
[]\OT1/ptm/m/n/10.95 In \OT1/ptm/m/sc/10.95 Kaskade7 \OT1/ptm/m/n/10.95 , the t
em-plate class []\OT1/pcr/m/n/10.95 HierarchicErrorEstimator \OT1/ptm/m/n/10.95
 is avail-
 []

[10]
Overfull \hbox (1.37791pt too wide) in paragraph at lines 449--462
\OT1/ptm/m/n/10.95 ager trig-gers the af-fected FE spaces to col-lect nec-es-sa
ry data in a class \OT1/pcr/m/n/10.95 Transfer-
 []

[11]
Overfull \hbox (0.46472pt too wide) in paragraph at lines 524--530
[]\OT1/ptm/m/n/10.95 The in-ter-face be-tween non-lin-ear solvers and sup-port-
ing rou-tines is rather coarse
 []

[12]
Overfull \hbox (3.40784pt too wide) in paragraph at lines 561--564
\OT1/ptm/m/n/10.95 While \OT1/pcr/m/n/10.95 regularityTest\OT1/ptm/m/n/10.95 , 
\OT1/pcr/m/n/10.95 updateDampingFactor\OT1/ptm/m/n/10.95 , \OT1/pcr/m/n/10.95 e
valTrialIterate\OT1/ptm/m/n/10.95 ,
 []


Overfull \hbox (4.30302pt too wide) in paragraph at lines 582--588
\OT1/ptm/m/n/10.95 New-ton method [[]] with affine co-vari-ant damp-ing strat-e
gy, a New-ton path-following
 []

[13]
Package epstopdf Info: Source file: <kaskade7-2012-diagramm.eps>
(epstopdf)                    date: 2015-06-11 14:11:48
(epstopdf)                    size: 253747 bytes
(epstopdf)             Output file: <kaskade7-2012-diagramm-eps-converted-to.pd
f>
(epstopdf)                    date: 2015-06-11 15:29:27
(epstopdf)                    size: 22816 bytes
(epstopdf)             Command: <repstopdf --outfile=kaskade7-2012-diagramm-eps
-converted-to.pdf kaskade7-2012-diagramm.eps>
(epstopdf)             \includegraphics on input line 594.
Package epstopdf Info: Output file is already uptodate.

<kaskade7-2012-diagramm-eps-converted-to.pdf, id=525, 995.72pt x 569.12625pt>
File: kaskade7-2012-diagramm-eps-converted-to.pdf Graphic file (type pdf)

<use kaskade7-2012-diagramm-eps-converted-to.pdf>
Package pdftex.def Info: kaskade7-2012-diagramm-eps-converted-to.pdf used on in
put line 594.
(pdftex.def)             Requested size: 358.45892pt x 204.88528pt.
LaTeX Font Info:    Font shape `OT1/ptm/bx/sc' in size <12> not available
(Font)              Font shape `OT1/ptm/b/sc' tried instead on input line 603.
 [14 <./kaskade7-2012-diagramm-eps-converted-to.pdf>]
Overfull \hbox (13.37021pt too wide) in paragraph at lines 647--654
\OT1/ptm/m/n/10.95 Then change to the In-stall[]Kaskade7 di-rec-tory and use so
me \OT1/pcr/m/n/10.95 install-xxx.Local
 []


Overfull \hbox (14.12375pt too wide) in paragraph at lines 647--654
\OT1/ptm/m/n/10.95 sys-tem, we rec-om-mend to use the ACML li-brary from http:/
/developer.amd.com/tools-
 []


Overfull \hbox (8.45189pt too wide) in paragraph at lines 647--654
\OT1/ptm/m/n/10.95 and-sdks/cpu-development/amd-core-math-library-acml/acml-dow
nloads-resources/
 []

[15]
LaTeX Font Info:    Font shape `OMS/ptm/m/n' in size <10.95> not available
(Font)              Font shape `OMS/cmsy/m/n' tried instead on input line 678.

Overfull \hbox (21.68091pt too wide) in paragraph at lines 691--694
\OT1/pcr/m/n/10.95 Makefile \OT1/ptm/m/n/10.95 gen-er-at-ing ob-ject files or l
i-braries which are stored into \OT1/pcr/m/n/10.95 KASKADE7/libs\OT1/ptm/m/n/10
.95 . 
 []


Overfull \hbox (43.20026pt too wide) in paragraph at lines 705--705
[]\OT1/pcr/m/n/8 setenv PATH /home/datanumerik/archiv/software/linux64/gcc-$VER
SION_GCC/gcc/bin:$PATH[] 
 []


Overfull \hbox (8.14574pt too wide) in paragraph at lines 711--714
\OT1/pcr/m/n/10.95 LD$[]$LIBRARY$[]$PATH \OT1/ptm/m/n/10.95 vari-able to the sh
ared li-braries libmpfr.so, libmpc.so, libgmp.so
 []

[16]
Overfull \hbox (7.4178pt too wide) in paragraph at lines 730--732
[]\OT1/ptm/m/n/10.95 Note: on Ma-cOS X ma-chines we have to set the vari-able \
OT1/pcr/m/n/10.95 DYLD$[]$LIBRARY$[]$PATH
 []

[17] [18] [19] [20] [21] [22]
Overfull \hbox (39.4178pt too wide) in paragraph at lines 1013--1015
\OT1/ptm/m/n/10.95 be con-sid-ered in the browser by spec-i-fy-ing the full pat
h $\OML/ztmcm/m/it/10.95 :::=kaskade\OT1/ztmcm/m/n/10.95 7\OML/ztmcm/m/it/10.95
 =doc=html=index:html$\OT1/ptm/m/n/10.95 . 
 []

[23] [24]
Overfull \hbox (34.84477pt too wide) detected at line 1189
[] [][] \OML/ztmcm/m/it/10.95 d\OT1/ztmcm/m/n/10.95 2[](\OML/ztmcm/m/it/10.95 u
; '[]\OT1/ztmcm/m/n/10.95 ) \OML/ztmcm/m/it/10.95 dx \OT1/ztmcm/m/n/10.95 + [][
] \OML/ztmcm/m/it/10.95 d\OT1/ztmcm/m/n/10.95 2[](\OML/ztmcm/m/it/10.95 u; '[]\
OT1/ztmcm/m/n/10.95 ) \OML/ztmcm/m/it/10.95 ds \OT1/ztmcm/m/n/10.95 = [][] \OML
/ztmcm/m/it/10.95 d\OT1/ztmcm/m/n/10.95 1[](\OML/ztmcm/m/it/10.95 '[]\OT1/ztmcm
/m/n/10.95 ) + [][] \OML/ztmcm/m/it/10.95 d\OT1/ztmcm/m/n/10.95 1[](\OML/ztmcm/
m/it/10.95 '[]\OT1/ztmcm/m/n/10.95 ) \OML/ztmcm/m/it/10.95 ds  [] '[];  i \OT1/
ztmcm/m/n/10.95 = 1\OML/ztmcm/m/it/10.95 ; [] ; N:
 []

[25] [26] [27] [28]
Overfull \hbox (153.38pt too wide) in paragraph at lines 1370--1372
[][][][][] 
 []


Overfull \hbox (151.77979pt too wide) in paragraph at lines 1370--1372
[][] 
 []


Overfull \hbox (151.77979pt too wide) in paragraph at lines 1370--1372
[][] 
 []


Overfull \hbox (146.37973pt too wide) in paragraph at lines 1370--1372
[]  
 []

[29] [30] [31] [32] [33]
Underfull \hbox (badness 10000) in paragraph at lines 1666--1668

 []

[34]
Overfull \hbox (22.75352pt too wide) in paragraph at lines 1747--1749
\OT1/ptm/m/n/10.95 el-e-ments for dis-cretiza-tion on the mesh con-structed be-
fore. The de-fined \OT1/pcr/m/n/10.95 variableSet
 []


Underfull \hbox (badness 10000) in paragraph at lines 1747--1749

 []

[35] [36]
Underfull \hbox (badness 10000) in paragraph at lines 1809--1813

 []

[37]
Overfull \hbox (169.20538pt too wide) in paragraph at lines 1876--1877
[][][][][] 
 []


Overfull \hbox (146.00494pt too wide) in paragraph at lines 1876--1877
[][] 
 []


Overfull \hbox (146.00494pt too wide) in paragraph at lines 1876--1877
[][] 
 []


Overfull \hbox (140.60489pt too wide) in paragraph at lines 1876--1877
[]  
 []

[38] [39] [40] [41] [42]
Underfull \hbox (badness 10000) in paragraph at lines 2067--2068

 []


Overfull \hbox (50.85222pt too wide) in paragraph at lines 2117--2119
\OT1/ptm/m/n/10.95 Furthermore, in the above ex-am-ple, you have also to sup-pl
y a file named \OT1/pcr/m/n/10.95 temperature.gnu
 []

[43]
Overfull \hbox (41.4137pt too wide) in paragraph at lines 2136--2138
\OT1/ptm/m/n/10.95 There is also a source \OT1/pcr/m/n/10.95 ht[]gnuplot.cpp \O
T1/ptm/m/n/10.95 avail-able in the \OT1/pcr/m/n/10.95 stationary[]heattransfer
 []

[44] [45] [46] [47] [48] [49] [50] [51]
Overfull \hbox (13.42444pt too wide) in paragraph at lines 2513--2513
\OT1/ptm/m/n/10.95 finally solves the lin-ear sys-tem, stor-ing the so-lu-tion 
to the \OT1/pcr/m/n/10.95 std::vector<double>
 []

[52] [53] [54] [55] [56]
Overfull \hbox (2.19962pt too wide) in paragraph at lines 2747--2753
\OT1/ptm/m/n/10.95 there-fore we rec-om-mend a mod-er-ate re-fine-ment of the i
ni-tial mesh, e.g., $\OML/ztmcm/m/it/10.95 refinement$
 []

[57]
Underfull \hbox (badness 10000) in paragraph at lines 2770--2771

 []

[58] [59] [60] [61] [62]
Overfull \hbox (2.3549pt too wide) detected at line 3024
[]
 []

[63] [64] [65] [66] [67] [68] [69]
Overfull \hbox (11.95953pt too wide) in paragraph at lines 3378--3382
\OT1/ptm/m/n/10.95 The call of \OT1/pcr/m/n/10.95 getKaskadeOptions(argc, argv,
 verbosity, dump) \OT1/ptm/m/n/10.95 gen-
 []

[70] [71] [72]
Underfull \hbox (badness 10000) in paragraph at lines 3571--3573

 []

[73] [74]
Overfull \hbox (5.02126pt too wide) in paragraph at lines 3703--3709
 [][] 
 []


Overfull \hbox (33.8639pt too wide) in paragraph at lines 3712--3716
[]\OT1/ptm/m/n/10.95 The fac-tor-iza-tion base class \OT1/pcr/m/n/10.95 Factori
zation \OT1/ptm/m/n/10.95 has \OT1/pcr/m/n/10.95 Scalar \OT1/ptm/m/n/10.95 and 
\OT1/pcr/m/n/10.95 SparseIndexInt
 []

[75]
Overfull \hbox (46.25888pt too wide) in paragraph at lines 3727--3728
[]\OT1/ptm/m/n/10.95 There is pre-de-fined fac-tory of solvers which is used by
 the \OT1/pcr/m/n/10.95 directInverseOperator
 []


Overfull \hbox (91.42673pt too wide) in paragraph at lines 3755--3761
 [][] 
 []


Overfull \hbox (3.38327pt too wide) in paragraph at lines 3772--3773
\OT1/ptm/m/n/10.95 The fol-low-ing cod-ing guide-line should be fol-lowed when 
pro-gram-ming \OT1/ptm/m/sc/10.95 Kaskade7
 []

[76] [77] [78]
Overfull \hbox (19.20024pt too wide) in paragraph at lines 3868--3868
[]\OT1/pcr/m/n/8 % --  0.615291s wall, 0.460000s user + 0.150000s system = 0.61
0000s CPU (99.1%)[] 
 []

LaTeX Font Info:    Try loading font information for OT1+phv on input line 3884
.
(/usr/local/texlive/2014/texmf-dist/tex/latex/psnfss/ot1phv.fd
File: ot1phv.fd 2001/06/04 scalable font definitions for OT1/phv.
) [79]
Overfull \hbox (1.36568pt too wide) in paragraph at lines 3912--3914
\OT1/ptm/m/n/10.95 bound-ary seg-ment and then get its prop-erty by the vec-tor
 []
 []

[80]
Underfull \hbox (badness 10000) in paragraph at lines 3921--3922

 []


Overfull \hbox (10.26004pt too wide) in paragraph at lines 3938--3939
\OT1/ptm/m/n/10.95 The \OT1/pcr/m/n/10.95 boost::fusion::vector \OT1/ptm/m/n/10
.95 tem-plate al-lows the defini-ton of con-tainer classes
 []


Underfull \hbox (badness 10000) in paragraph at lines 3938--3939

 []


Underfull \hbox (badness 10000) in paragraph at lines 3952--3953

 []

[81] [82] [83] [84]
Overfull \hbox (5.70518pt too wide) in paragraph at lines 4113--4115
\OT1/ptm/m/n/10.95 de-sign (im-ple-men-ta-tions men-tioned be-low can be found 
in []\OT1/pcr/m/n/10.95 namespace Policy\OT1/ptm/m/n/10.95 ).
 []


Overfull \hbox (5.45403pt too wide) in paragraph at lines 4120--4122
\OT1/ptm/m/n/10.95 sid-ered/ig-nored are iden-ti-fied via their []\OT1/pcr/m/n/
10.95 boundary segment index\OT1/ptm/m/n/10.95 .
 []


Overfull \hbox (0.38417pt too wide) in paragraph at lines 4129--4132
[][]\OT1/pcr/m/n/10.95 InnerBoundaryPolicy\OT1/ptm/m/n/10.95 : De-ter-mines the
 be-haviour on in-ner bound-aries.
 []

[85]
Underfull \hbox (badness 10000) in paragraph at lines 4138--4140

 []

[86]
LaTeX Font Info:    Font shape `OT1/ptm/bx/sc' in size <14.4> not available
(Font)              Font shape `OT1/ptm/b/sc' tried instead on input line 4186.



Package hyperref Warning: Token not allowed in a PDF string (PDFDocEncoding):
(hyperref)                removing `math shift' on input line 4187.


Package hyperref Warning: Token not allowed in a PDF string (PDFDocEncoding):
(hyperref)                removing `\succ' on input line 4187.


Package hyperref Warning: Token not allowed in a PDF string (PDFDocEncoding):
(hyperref)                removing `math shift' on input line 4187.


Package hyperref Warning: Token not allowed in a PDF string (PDFDocEncoding):
(hyperref)                removing `math shift' on input line 4188.


Package hyperref Warning: Token not allowed in a PDF string (PDFDocEncoding):
(hyperref)                removing `\succ' on input line 4188.


Package hyperref Warning: Token not allowed in a PDF string (PDFDocEncoding):
(hyperref)                removing `math shift' on input line 4188.


Overfull \hbox (3.97456pt too wide) in paragraph at lines 4195--4196
[]\OT1/ptm/m/n/10.95 most of the C++11-features (lambda ex-pres-sions, range-ba
sed for-loops,
 []

[87]
Overfull \hbox (1.00638pt too wide) in paragraph at lines 4209--4211
\OT1/ptm/m/sc/10.95 Kaskade7 \OT1/ptm/m/n/10.95 pro-vided nu-mer-i-cal sim-u-la
-tion re-sults for many ar-ti-cles and two books.
 []


Overfull \hbox (0.86528pt too wide) in paragraph at lines 4249--4255
\OT1/ptm/m/n/10.95 Belgian-French-German Con-fer-ence on Op-ti-miza-tion 2009),
 419-428(2010),
 []

[88] (./references.tex [89]
Underfull \hbox (badness 1158) in paragraph at lines 37--40
[]\OT1/ptm/m/n/10.95 Peter Deu-fl-hard, Mar-tin Weiser: Nu-merische Math-e-mati
k 3. Adap-tive
 []

[90])
Package atveryend Info: Empty hook `BeforeClearDocument' on input line 4294.
 [91]
Package atveryend Info: Empty hook `AfterLastShipout' on input line 4294.
 (./manual.aux)
Package atveryend Info: Executing hook `AtVeryEndDocument' on input line 4294.
Package atveryend Info: Executing hook `AtEndAfterFileList' on input line 4294.

Package rerunfilecheck Info: File `manual.out' has not changed.
(rerunfilecheck)             Checksum: F985450F58C6DBC6F99DE5BDFF7BCC43;4320.


LaTeX Warning: Label(s) may have changed. Rerun to get cross-references right.

Package atveryend Info: Empty hook `AtVeryVeryEnd' on input line 4294.
 ) 
Here is how much of TeX's memory you used:
 11952 strings out of 493117
 171468 string characters out of 6135434
 350062 words of memory out of 5000000
 13541 multiletter control sequences out of 15000+600000
 65630 words of font info for 140 fonts, out of 8000000 for 9000
 1142 hyphenation exceptions out of 8191
 42i,12n,58p,1070b,1910s stack positions out of 5000i,500n,10000p,200000b,80000s
{/usr/local/texlive/2014/texmf-dist/fonts/enc/dvips/base/8r.enc}</usr/local/t
exlive/2014/texmf-dist/fonts/type1/public/amsfonts/cm/cmex10.pfb></usr/local/te
xlive/2014/texmf-dist/fonts/type1/public/amsfonts/cm/cmmi10.pfb></usr/local/tex
live/2014/texmf-dist/fonts/type1/public/amsfonts/cm/cmmi9.pfb></usr/local/texli
ve/2014/texmf-dist/fonts/type1/public/amsfonts/cm/cmr10.pfb></usr/local/texlive
/2014/texmf-dist/fonts/type1/public/amsfonts/cm/cmsy10.pfb></usr/local/texlive/
2014/texmf-dist/fonts/type1/public/amsfonts/cm/cmsy9.pfb></usr/local/texlive/20
14/texmf-dist/fonts/type1/public/amsfonts/symbols/msbm10.pfb></usr/local/texliv
e/2014/texmf-dist/fonts/type1/urw/courier/ucrr8a.pfb></usr/local/texlive/2014/t
exmf-dist/fonts/type1/urw/helvetic/uhvr8a.pfb></usr/local/texlive/2014/texmf-di
st/fonts/type1/urw/symbol/usyr.pfb></usr/local/texlive/2014/texmf-dist/fonts/ty
pe1/urw/symbol/usyr.pfb></usr/local/texlive/2014/texmf-dist/fonts/type1/urw/tim
es/utmb8a.pfb></usr/local/texlive/2014/texmf-dist/fonts/type1/urw/times/utmr8a.
pfb></usr/local/texlive/2014/texmf-dist/fonts/type1/urw/times/utmri8a.pfb>
Output written on manual.pdf (91 pages, 809466 bytes).
PDF statistics:
 2706 PDF objects out of 2984 (max. 8388607)
 2569 compressed objects within 26 object streams
 1647 named destinations out of 1728 (max. 500000)
 499 words of extra memory for PDF output out of 10000 (max. 10000000)

